\BOOKMARK [1][-]{section.1}{\376\377\000E\000x\000e\000r\000c\000i\000s\000e\000\040\0001\000:\000\040\000C\000r\000i\000t\000i\000c\000a\000l\000\040\000P\000a\000p\000e\000r\000\040\000R\000e\000v\000i\000e\000w\000\040\000\050\000S\000t\000a\000g\000e\000\040\0001\000\051}{}% 1
\BOOKMARK [2][-]{subsection.1.1}{\376\377\000Q\0001\000.\000\040\000P\000r\000i\000m\000a\000r\000y\000\040\000C\000o\000n\000t\000r\000i\000b\000u\000t\000i\000o\000n\000s}{section.1}% 2
\BOOKMARK [2][-]{subsection.1.2}{\376\377\000Q\0002\000.\000\040\000T\000e\000c\000h\000n\000i\000c\000a\000l\000\040\000S\000t\000r\000e\000n\000g\000t\000h\000s}{section.1}% 3
\BOOKMARK [2][-]{subsection.1.3}{\376\377\000W\000e\000a\000k\000n\000e\000s\000s\000e\000s\000\040\000a\000n\000d\000\040\000L\000i\000m\000i\000t\000a\000t\000i\000o\000n\000s}{section.1}% 4
\BOOKMARK [1][-]{section.2}{\376\377\000E\000x\000e\000r\000c\000i\000s\000e\000\040\0002\000:\000\040\000E\000x\000p\000l\000o\000r\000a\000t\000o\000r\000y\000\040\000D\000a\000t\000a\000\040\000A\000n\000a\000l\000y\000s\000i\000s\000\040\000\050\000S\000t\000a\000g\000e\000\040\0002\000\051}{}% 5
\BOOKMARK [2][-]{subsection.2.1}{\376\377\000E\000D\000A\000\040\000S\000e\000t\000u\000p}{section.2}% 6
\BOOKMARK [2][-]{subsection.2.2}{\376\377\000T\000e\000c\000h\000n\000i\000q\000u\000e\000\040\0001\000:\000\040\000<\000N\000a\000m\000e\000>}{section.2}% 7
\BOOKMARK [3][-]{subsubsection.2.2.1}{\376\377\000V\000i\000s\000u\000a\000l\000/\000T\000a\000b\000u\000l\000a\000r\000\040\000E\000v\000i\000d\000e\000n\000c\000e}{subsection.2.2}% 8
\BOOKMARK [3][-]{subsubsection.2.2.2}{\376\377\000F\000i\000n\000d\000i\000n\000g\000s}{subsection.2.2}% 9
\BOOKMARK [3][-]{subsubsection.2.2.3}{\376\377\000I\000m\000p\000a\000c\000t\000\040\000o\000n\000\040\000M\000o\000d\000e\000l\000l\000i\000n\000g}{subsection.2.2}% 10
\BOOKMARK [2][-]{subsection.2.3}{\376\377\000T\000e\000c\000h\000n\000i\000q\000u\000e\000\040\0002\000:\000\040\000<\000N\000a\000m\000e\000>}{section.2}% 11
\BOOKMARK [3][-]{subsubsection.2.3.1}{\376\377\000V\000i\000s\000u\000a\000l\000/\000T\000a\000b\000u\000l\000a\000r\000\040\000E\000v\000i\000d\000e\000n\000c\000e}{subsection.2.3}% 12
\BOOKMARK [3][-]{subsubsection.2.3.2}{\376\377\000F\000i\000n\000d\000i\000n\000g\000s}{subsection.2.3}% 13
\BOOKMARK [3][-]{subsubsection.2.3.3}{\376\377\000I\000m\000p\000a\000c\000t\000\040\000o\000n\000\040\000M\000o\000d\000e\000l\000l\000i\000n\000g}{subsection.2.3}% 14
\BOOKMARK [1][-]{section.3}{\376\377\000E\000x\000e\000r\000c\000i\000s\000e\000\040\0003\000:\000\040\000P\000r\000o\000p\000o\000s\000e\000d\000\040\000A\000p\000p\000r\000o\000a\000c\000h\000\040\000\050\000S\000t\000a\000g\000e\000\040\0003\000\051}{}% 15
\BOOKMARK [2][-]{subsection.3.1}{\376\377\000B\000a\000s\000e\000l\000i\000n\000e\000\040\000D\000e\000s\000c\000r\000i\000p\000t\000i\000o\000n}{section.3}% 16
\BOOKMARK [2][-]{subsection.3.2}{\376\377\000M\000o\000d\000e\000l\000\040\000A\000r\000c\000h\000i\000t\000e\000c\000t\000u\000r\000e\000\040\000a\000n\000d\000\040\000A\000p\000p\000r\000o\000a\000c\000h}{section.3}% 17
\BOOKMARK [2][-]{subsection.3.3}{\376\377\000T\000r\000a\000i\000n\000i\000n\000g\000\040\000S\000t\000r\000a\000t\000e\000g\000y}{section.3}% 18
\BOOKMARK [2][-]{subsection.3.4}{\376\377\000R\000a\000t\000i\000o\000n\000a\000l\000e\000\040\000a\000n\000d\000\040\000E\000x\000p\000e\000c\000t\000e\000d\000\040\000O\000u\000t\000c\000o\000m\000e\000s}{section.3}% 19
\BOOKMARK [2][-]{subsection.3.5}{\376\377\000I\000m\000p\000l\000e\000m\000e\000n\000t\000a\000t\000i\000o\000n\000\040\000D\000e\000t\000a\000i\000l\000s}{section.3}% 20
\BOOKMARK [1][-]{section.4}{\376\377\000E\000x\000e\000r\000c\000i\000s\000e\000\040\0005\000.\0002\000:\000\040\000L\000o\000c\000a\000l\000\040\000E\000v\000a\000l\000u\000a\000t\000i\000o\000n\000\040\000a\000n\000d\000\040\000E\000r\000r\000o\000r\000\040\000A\000n\000a\000l\000y\000s\000i\000s\000\040\000\050\000S\000t\000a\000g\000e\000\040\0005\000\051}{}% 21
\BOOKMARK [2][-]{subsection.4.1}{\376\377\000E\000r\000r\000o\000r\000\040\000A\000n\000a\000l\000y\000s\000i\000s}{section.4}% 22
\BOOKMARK [2][-]{subsection.4.2}{\376\377\000A\000d\000d\000i\000t\000i\000o\000n\000a\000l\000\040\000L\000o\000c\000a\000l\000\040\000E\000v\000a\000l\000u\000a\000t\000i\000o\000n}{section.4}% 23
\BOOKMARK [3][-]{subsubsection.4.2.1}{\376\377\000A\000b\000l\000a\000t\000i\000o\000n\000\040\000S\000t\000u\000d\000i\000e\000s}{subsection.4.2}% 24
\BOOKMARK [3][-]{subsubsection.4.2.2}{\376\377\000A\000l\000t\000e\000r\000n\000a\000t\000i\000v\000e\000\040\000M\000e\000t\000r\000i\000c\000s\000\040\000/\000\040\000A\000n\000a\000l\000y\000s\000e\000s}{subsection.4.2}% 25
\BOOKMARK [2][-]{subsection.4.3}{\376\377\000I\000n\000s\000i\000g\000h\000t\000s\000\040\000a\000n\000d\000\040\000L\000e\000s\000s\000o\000n\000s\000\040\000L\000e\000a\000r\000n\000e\000d}{section.4}% 26
\BOOKMARK [1][-]{section.5}{\376\377\000E\000x\000e\000r\000c\000i\000s\000e\000\040\0006\000:\000\040\000C\000o\000m\000m\000u\000n\000i\000c\000a\000t\000i\000o\000n\000\040\000a\000n\000d\000\040\000R\000e\000p\000o\000r\000t\000i\000n\000g\000\040\000\050\000S\000t\000a\000g\000e\000\040\0006\000\051}{}% 27
\BOOKMARK [2][-]{subsection.5.1}{\376\377\000R\000e\000p\000o\000r\000t\000\040\000a\000n\000d\000\040\000R\000e\000p\000o\000s\000i\000t\000o\000r\000y\000\040\000O\000r\000g\000a\000n\000i\000s\000a\000t\000i\000o\000n}{section.5}% 28
\BOOKMARK [2][-]{subsection.5.2}{\376\377\000F\000u\000t\000u\000r\000e\000\040\000W\000o\000r\000k}{section.5}% 29
\BOOKMARK [1][-]{section.6}{\376\377\000C\000o\000n\000c\000l\000u\000s\000i\000o\000n}{}% 30
